{"/workspace/src/hooks/useCanvasRenderer.ts": {"path":"/workspace/src/hooks/useCanvasRenderer.ts","statementMap":{"0":{"start":{"line":1,"column":0},"end":{"line":1,"column":42}},"1":{"start":{"line":2,"column":0},"end":{"line":2,"column":60}},"2":{"start":{"line":3,"column":0},"end":{"line":3,"column":62}},"3":{"start":{"line":5,"column":19},"end":{"line":5,"column":21}},"4":{"start":{"line":6,"column":24},"end":{"line":6,"column":41}},"5":{"start":{"line":7,"column":23},"end":{"line":7,"column":28}},"6":{"start":{"line":9,"column":33},"end":{"line":134,"column":1}},"7":{"start":{"line":12,"column":23},"end":{"line":12,"column":40}},"8":{"start":{"line":13,"column":27},"end":{"line":13,"column":44}},"9":{"start":{"line":15,"column":2},"end":{"line":131,"column":22}},"10":{"start":{"line":16,"column":4},"end":{"line":16,"column":31}},"11":{"start":{"line":16,"column":24},"end":{"line":16,"column":31}},"12":{"start":{"line":18,"column":19},"end":{"line":122,"column":5}},"13":{"start":{"line":20,"column":6},"end":{"line":23,"column":7}},"14":{"start":{"line":21,"column":8},"end":{"line":21,"column":61}},"15":{"start":{"line":22,"column":8},"end":{"line":22,"column":15}},"16":{"start":{"line":25,"column":6},"end":{"line":25,"column":45}},"17":{"start":{"line":27,"column":18},"end":{"line":27,"column":48}},"18":{"start":{"line":28,"column":6},"end":{"line":31,"column":7}},"19":{"start":{"line":29,"column":8},"end":{"line":29,"column":61}},"20":{"start":{"line":30,"column":8},"end":{"line":30,"column":15}},"21":{"start":{"line":34,"column":20},"end":{"line":34,"column":48}},"22":{"start":{"line":37,"column":6},"end":{"line":37,"column":69}},"23":{"start":{"line":40,"column":6},"end":{"line":101,"column":7}},"24":{"start":{"line":42,"column":8},"end":{"line":42,"column":36}},"25":{"start":{"line":43,"column":8},"end":{"line":43,"column":26}},"26":{"start":{"line":44,"column":8},"end":{"line":49,"column":10}},"27":{"start":{"line":52,"column":8},"end":{"line":100,"column":9}},"28":{"start":{"line":55,"column":29},"end":{"line":70,"column":12}},"29":{"start":{"line":73,"column":35},"end":{"line":73,"column":59}},"30":{"start":{"line":75,"column":10},"end":{"line":75,"column":36}},"31":{"start":{"line":76,"column":10},"end":{"line":84,"column":13}},"32":{"start":{"line":77,"column":12},"end":{"line":83,"column":13}},"33":{"start":{"line":78,"column":31},"end":{"line":78,"column":57}},"34":{"start":{"line":79,"column":14},"end":{"line":79,"column":30}},"35":{"start":{"line":81,"column":14},"end":{"line":81,"column":68}},"36":{"start":{"line":82,"column":14},"end":{"line":82,"column":25}},"37":{"start":{"line":87,"column":10},"end":{"line":99,"column":11}},"38":{"start":{"line":88,"column":27},"end":{"line":88,"column":65}},"39":{"start":{"line":89,"column":12},"end":{"line":98,"column":13}},"40":{"start":{"line":90,"column":14},"end":{"line":90,"column":42}},"41":{"start":{"line":91,"column":14},"end":{"line":91,"column":32}},"42":{"start":{"line":92,"column":30},"end":{"line":92,"column":57}},"43":{"start":{"line":93,"column":29},"end":{"line":93,"column":57}},"44":{"start":{"line":94,"column":14},"end":{"line":94,"column":75}},"45":{"start":{"line":95,"column":14},"end":{"line":95,"column":40}},"46":{"start":{"line":96,"column":14},"end":{"line":96,"column":38}},"47":{"start":{"line":97,"column":14},"end":{"line":97,"column":60}},"48":{"start":{"line":104,"column":6},"end":{"line":119,"column":7}},"49":{"start":{"line":105,"column":8},"end":{"line":118,"column":11}},"50":{"start":{"line":107,"column":27},"end":{"line":107,"column":60}},"51":{"start":{"line":108,"column":27},"end":{"line":108,"column":61}},"52":{"start":{"line":111,"column":10},"end":{"line":111,"column":52}},"53":{"start":{"line":112,"column":10},"end":{"line":112,"column":78}},"54":{"start":{"line":115,"column":10},"end":{"line":115,"column":38}},"55":{"start":{"line":116,"column":10},"end":{"line":116,"column":28}},"56":{"start":{"line":117,"column":10},"end":{"line":117,"column":80}},"57":{"start":{"line":121,"column":6},"end":{"line":121,"column":59}},"58":{"start":{"line":124,"column":4},"end":{"line":124,"column":57}},"59":{"start":{"line":126,"column":4},"end":{"line":130,"column":6}},"60":{"start":{"line":127,"column":6},"end":{"line":129,"column":7}},"61":{"start":{"line":128,"column":8},"end":{"line":128,"column":51}},"62":{"start":{"line":133,"column":2},"end":{"line":133,"column":14}},"63":{"start":{"line":9,"column":13},"end":{"line":9,"column":33}}},"fnMap":{"0":{"name":"(anonymous_0)","decl":{"start":{"line":9,"column":33},"end":{"line":9,"column":null}},"loc":{"start":{"line":11,"column":4},"end":{"line":134,"column":1}}},"1":{"name":"(anonymous_1)","decl":{"start":{"line":15,"column":12},"end":{"line":15,"column":15}},"loc":{"start":{"line":15,"column":17},"end":{"line":131,"column":3}}},"2":{"name":"(anonymous_2)","decl":{"start":{"line":18,"column":19},"end":{"line":18,"column":20}},"loc":{"start":{"line":18,"column":43},"end":{"line":122,"column":5}}},"3":{"name":"(anonymous_3)","decl":{"start":{"line":76,"column":35},"end":{"line":76,"column":36}},"loc":{"start":{"line":76,"column":45},"end":{"line":84,"column":11}}},"4":{"name":"(anonymous_4)","decl":{"start":{"line":105,"column":39},"end":{"line":105,"column":40}},"loc":{"start":{"line":105,"column":53},"end":{"line":118,"column":9}}},"5":{"name":"(anonymous_5)","decl":{"start":{"line":126,"column":11},"end":{"line":126,"column":14}},"loc":{"start":{"line":126,"column":16},"end":{"line":130,"column":5}}}},"branchMap":{"0":{"loc":{"start":{"line":16,"column":4},"end":{"line":16,"column":31}},"type":"if","locations":[{"start":{"line":16,"column":4},"end":{"line":16,"column":31}},{"start":{},"end":{}}]},"1":{"loc":{"start":{"line":20,"column":6},"end":{"line":23,"column":7}},"type":"if","locations":[{"start":{"line":20,"column":6},"end":{"line":23,"column":7}},{"start":{},"end":{}}]},"2":{"loc":{"start":{"line":28,"column":6},"end":{"line":31,"column":7}},"type":"if","locations":[{"start":{"line":28,"column":6},"end":{"line":31,"column":7}},{"start":{},"end":{}}]},"3":{"loc":{"start":{"line":40,"column":6},"end":{"line":101,"column":7}},"type":"if","locations":[{"start":{"line":40,"column":6},"end":{"line":101,"column":7}},{"start":{},"end":{}}]},"4":{"loc":{"start":{"line":40,"column":10},"end":{"line":40,"column":45}},"type":"binary-expr","locations":[{"start":{"line":40,"column":10},"end":{"line":40,"column":28}},{"start":{"line":40,"column":32},"end":{"line":40,"column":45}}]},"5":{"loc":{"start":{"line":52,"column":8},"end":{"line":100,"column":9}},"type":"if","locations":[{"start":{"line":52,"column":8},"end":{"line":100,"column":9}},{"start":{},"end":{}}]},"6":{"loc":{"start":{"line":52,"column":12},"end":{"line":52,"column":65}},"type":"binary-expr","locations":[{"start":{"line":52,"column":12},"end":{"line":52,"column":31}},{"start":{"line":52,"column":35},"end":{"line":52,"column":65}}]},"7":{"loc":{"start":{"line":77,"column":12},"end":{"line":83,"column":13}},"type":"if","locations":[{"start":{"line":77,"column":12},"end":{"line":83,"column":13}},{"start":{},"end":{}}]},"8":{"loc":{"start":{"line":77,"column":16},"end":{"line":77,"column":65}},"type":"binary-expr","locations":[{"start":{"line":77,"column":16},"end":{"line":77,"column":35}},{"start":{"line":77,"column":39},"end":{"line":77,"column":65}}]},"9":{"loc":{"start":{"line":87,"column":10},"end":{"line":99,"column":11}},"type":"if","locations":[{"start":{"line":87,"column":10},"end":{"line":99,"column":11}},{"start":{},"end":{}}]},"10":{"loc":{"start":{"line":89,"column":12},"end":{"line":98,"column":13}},"type":"if","locations":[{"start":{"line":89,"column":12},"end":{"line":98,"column":13}},{"start":{},"end":{}}]},"11":{"loc":{"start":{"line":104,"column":6},"end":{"line":119,"column":7}},"type":"if","locations":[{"start":{"line":104,"column":6},"end":{"line":119,"column":7}},{"start":{},"end":{}}]},"12":{"loc":{"start":{"line":104,"column":10},"end":{"line":104,"column":56}},"type":"binary-expr","locations":[{"start":{"line":104,"column":10},"end":{"line":104,"column":30}},{"start":{"line":104,"column":34},"end":{"line":104,"column":56}}]},"13":{"loc":{"start":{"line":127,"column":6},"end":{"line":129,"column":7}},"type":"if","locations":[{"start":{"line":127,"column":6},"end":{"line":129,"column":7}},{"start":{},"end":{}}]}},"s":{"0":0,"1":0,"2":0,"3":0,"4":0,"5":0,"6":0,"7":0,"8":0,"9":0,"10":0,"11":0,"12":0,"13":0,"14":0,"15":0,"16":0,"17":0,"18":0,"19":0,"20":0,"21":0,"22":0,"23":0,"24":0,"25":0,"26":0,"27":0,"28":0,"29":0,"30":0,"31":0,"32":0,"33":0,"34":0,"35":0,"36":0,"37":0,"38":0,"39":0,"40":0,"41":0,"42":0,"43":0,"44":0,"45":0,"46":0,"47":0,"48":0,"49":0,"50":0,"51":0,"52":0,"53":0,"54":0,"55":0,"56":0,"57":0,"58":0,"59":0,"60":0,"61":0,"62":0,"63":0},"f":{"0":0,"1":0,"2":0,"3":0,"4":0,"5":0},"b":{"0":[0,0],"1":[0,0],"2":[0,0],"3":[0,0],"4":[0,0],"5":[0,0],"6":[0,0],"7":[0,0],"8":[0,0],"9":[0,0],"10":[0,0],"11":[0,0],"12":[0,0],"13":[0,0]}}
,"/workspace/src/hooks/useDrinkingDetection.ts": {"path":"/workspace/src/hooks/useDrinkingDetection.ts","statementMap":{"0":{"start":{"line":1,"column":0},"end":{"line":1,"column":42}},"1":{"start":{"line":2,"column":0},"end":{"line":2,"column":60}},"2":{"start":{"line":3,"column":0},"end":{"line":3,"column":59}},"3":{"start":{"line":5,"column":26},"end":{"line":5,"column":30}},"4":{"start":{"line":6,"column":20},"end":{"line":6,"column":23}},"5":{"start":{"line":7,"column":28},"end":{"line":7,"column":29}},"6":{"start":{"line":9,"column":36},"end":{"line":64,"column":1}},"7":{"start":{"line":16,"column":6},"end":{"line":16,"column":25}},"8":{"start":{"line":19,"column":29},"end":{"line":19,"column":46}},"9":{"start":{"line":20,"column":31},"end":{"line":20,"column":48}},"10":{"start":{"line":21,"column":27},"end":{"line":21,"column":44}},"11":{"start":{"line":23,"column":2},"end":{"line":63,"column":81}},"12":{"start":{"line":24,"column":16},"end":{"line":24,"column":26}},"13":{"start":{"line":27,"column":4},"end":{"line":29,"column":5}},"14":{"start":{"line":28,"column":6},"end":{"line":28,"column":13}},"15":{"start":{"line":30,"column":4},"end":{"line":30,"column":35}},"16":{"start":{"line":33,"column":42},"end":{"line":36,"column":null}},"17":{"start":{"line":39,"column":4},"end":{"line":62,"column":5}},"18":{"start":{"line":41,"column":6},"end":{"line":41,"column":39}},"19":{"start":{"line":42,"column":6},"end":{"line":42,"column":37}},"20":{"start":{"line":45,"column":6},"end":{"line":48,"column":7}},"21":{"start":{"line":46,"column":8},"end":{"line":46,"column":51}},"22":{"start":{"line":47,"column":8},"end":{"line":47,"column":24}},"23":{"start":{"line":51,"column":35},"end":{"line":51,"column":67}},"24":{"start":{"line":53,"column":6},"end":{"line":61,"column":7}},"25":{"start":{"line":55,"column":8},"end":{"line":55,"column":86}},"26":{"start":{"line":56,"column":8},"end":{"line":56,"column":23}},"27":{"start":{"line":57,"column":8},"end":{"line":57,"column":41}},"28":{"start":{"line":58,"column":13},"end":{"line":61,"column":7}},"29":{"start":{"line":60,"column":8},"end":{"line":60,"column":41}},"30":{"start":{"line":9,"column":13},"end":{"line":9,"column":36}}},"fnMap":{"0":{"name":"(anonymous_0)","decl":{"start":{"line":9,"column":36},"end":{"line":9,"column":39}},"loc":{"start":{"line":9,"column":41},"end":{"line":64,"column":1}}},"1":{"name":"(anonymous_1)","decl":{"start":{"line":23,"column":12},"end":{"line":23,"column":15}},"loc":{"start":{"line":23,"column":17},"end":{"line":63,"column":3}}}},"branchMap":{"0":{"loc":{"start":{"line":27,"column":4},"end":{"line":29,"column":5}},"type":"if","locations":[{"start":{"line":27,"column":4},"end":{"line":29,"column":5}},{"start":{},"end":{}}]},"1":{"loc":{"start":{"line":39,"column":4},"end":{"line":62,"column":5}},"type":"if","locations":[{"start":{"line":39,"column":4},"end":{"line":62,"column":5}},{"start":{"line":49,"column":11},"end":{"line":62,"column":5}}]},"2":{"loc":{"start":{"line":45,"column":6},"end":{"line":48,"column":7}},"type":"if","locations":[{"start":{"line":45,"column":6},"end":{"line":48,"column":7}},{"start":{},"end":{}}]},"3":{"loc":{"start":{"line":45,"column":10},"end":{"line":45,"column":76}},"type":"binary-expr","locations":[{"start":{"line":45,"column":10},"end":{"line":45,"column":21}},{"start":{"line":45,"column":25},"end":{"line":45,"column":76}}]},"4":{"loc":{"start":{"line":53,"column":6},"end":{"line":61,"column":7}},"type":"if","locations":[{"start":{"line":53,"column":6},"end":{"line":61,"column":7}},{"start":{"line":58,"column":13},"end":{"line":61,"column":7}}]},"5":{"loc":{"start":{"line":53,"column":10},"end":{"line":53,"column":58}},"type":"binary-expr","locations":[{"start":{"line":53,"column":10},"end":{"line":53,"column":20}},{"start":{"line":53,"column":24},"end":{"line":53,"column":58}}]},"6":{"loc":{"start":{"line":58,"column":13},"end":{"line":61,"column":7}},"type":"if","locations":[{"start":{"line":58,"column":13},"end":{"line":61,"column":7}},{"start":{},"end":{}}]},"7":{"loc":{"start":{"line":58,"column":17},"end":{"line":58,"column":66}},"type":"binary-expr","locations":[{"start":{"line":58,"column":17},"end":{"line":58,"column":28}},{"start":{"line":58,"column":32},"end":{"line":58,"column":66}}]}},"s":{"0":0,"1":0,"2":0,"3":0,"4":0,"5":0,"6":0,"7":0,"8":0,"9":0,"10":0,"11":0,"12":0,"13":0,"14":0,"15":0,"16":0,"17":0,"18":0,"19":0,"20":0,"21":0,"22":0,"23":0,"24":0,"25":0,"26":0,"27":0,"28":0,"29":0,"30":0},"f":{"0":0,"1":0},"b":{"0":[0,0],"1":[0,0],"2":[0,0],"3":[0,0],"4":[0,0],"5":[0,0],"6":[0,0],"7":[0,0]}}
,"/workspace/src/hooks/useFaceDetection.ts": {"path":"/workspace/src/hooks/useFaceDetection.ts","statementMap":{"0":{"start":{"line":1,"column":0},"end":{"line":1,"column":42}},"1":{"start":{"line":2,"column":0},"end":{"line":2,"column":86}},"2":{"start":{"line":3,"column":0},"end":{"line":3,"column":30}},"3":{"start":{"line":4,"column":0},"end":{"line":4,"column":60}},"4":{"start":{"line":5,"column":0},"end":{"line":5,"column":43}},"5":{"start":{"line":7,"column":28},"end":{"line":7,"column":60}},"6":{"start":{"line":9,"column":32},"end":{"line":87,"column":1}},"7":{"start":{"line":12,"column":22},"end":{"line":12,"column":87}},"8":{"start":{"line":13,"column":23},"end":{"line":13,"column":40}},"9":{"start":{"line":14,"column":27},"end":{"line":14,"column":44}},"10":{"start":{"line":15,"column":26},"end":{"line":15,"column":77}},"11":{"start":{"line":15,"column":55},"end":{"line":15,"column":76}},"12":{"start":{"line":16,"column":31},"end":{"line":16,"column":87}},"13":{"start":{"line":16,"column":60},"end":{"line":16,"column":86}},"14":{"start":{"line":18,"column":2},"end":{"line":84,"column":60}},"15":{"start":{"line":19,"column":4},"end":{"line":19,"column":30}},"16":{"start":{"line":19,"column":23},"end":{"line":19,"column":30}},"17":{"start":{"line":21,"column":31},"end":{"line":39,"column":6}},"18":{"start":{"line":21,"column":42},"end":{"line":39,"column":6}},"19":{"start":{"line":22,"column":6},"end":{"line":38,"column":7}},"20":{"start":{"line":23,"column":8},"end":{"line":23,"column":53}},"21":{"start":{"line":24,"column":22},"end":{"line":24,"column":78}},"22":{"start":{"line":25,"column":93},"end":{"line":30,"column":10}},"23":{"start":{"line":32,"column":8},"end":{"line":32,"column":97}},"24":{"start":{"line":33,"column":8},"end":{"line":33,"column":62}},"25":{"start":{"line":34,"column":8},"end":{"line":34,"column":35}},"26":{"start":{"line":36,"column":8},"end":{"line":36,"column":68}},"27":{"start":{"line":37,"column":8},"end":{"line":37,"column":36}},"28":{"start":{"line":41,"column":24},"end":{"line":69,"column":6}},"29":{"start":{"line":41,"column":54},"end":{"line":69,"column":6}},"30":{"start":{"line":42,"column":6},"end":{"line":45,"column":7}},"31":{"start":{"line":43,"column":8},"end":{"line":43,"column":66}},"32":{"start":{"line":44,"column":8},"end":{"line":44,"column":15}},"33":{"start":{"line":48,"column":6},"end":{"line":51,"column":7}},"34":{"start":{"line":49,"column":8},"end":{"line":49,"column":66}},"35":{"start":{"line":50,"column":8},"end":{"line":50,"column":15}},"36":{"start":{"line":53,"column":6},"end":{"line":53,"column":45}},"37":{"start":{"line":55,"column":6},"end":{"line":66,"column":7}},"38":{"start":{"line":56,"column":22},"end":{"line":56,"column":75}},"39":{"start":{"line":58,"column":8},"end":{"line":63,"column":9}},"40":{"start":{"line":59,"column":23},"end":{"line":59,"column":31}},"41":{"start":{"line":60,"column":10},"end":{"line":60,"column":74}},"42":{"start":{"line":62,"column":10},"end":{"line":62,"column":45}},"43":{"start":{"line":65,"column":8},"end":{"line":65,"column":54}},"44":{"start":{"line":68,"column":6},"end":{"line":68,"column":64}},"45":{"start":{"line":71,"column":4},"end":{"line":73,"column":7}},"46":{"start":{"line":72,"column":6},"end":{"line":72,"column":64}},"47":{"start":{"line":75,"column":4},"end":{"line":83,"column":6}},"48":{"start":{"line":76,"column":6},"end":{"line":78,"column":7}},"49":{"start":{"line":77,"column":8},"end":{"line":77,"column":51}},"50":{"start":{"line":79,"column":6},"end":{"line":82,"column":7}},"51":{"start":{"line":80,"column":8},"end":{"line":80,"column":35}},"52":{"start":{"line":81,"column":8},"end":{"line":81,"column":36}},"53":{"start":{"line":86,"column":2},"end":{"line":86,"column":14}},"54":{"start":{"line":9,"column":13},"end":{"line":9,"column":32}}},"fnMap":{"0":{"name":"(anonymous_7)","decl":{"start":{"line":9,"column":32},"end":{"line":9,"column":null}},"loc":{"start":{"line":11,"column":4},"end":{"line":87,"column":1}}},"1":{"name":"(anonymous_8)","decl":{"start":{"line":15,"column":44},"end":{"line":15,"column":45}},"loc":{"start":{"line":15,"column":55},"end":{"line":15,"column":76}}},"2":{"name":"(anonymous_9)","decl":{"start":{"line":16,"column":49},"end":{"line":16,"column":50}},"loc":{"start":{"line":16,"column":60},"end":{"line":16,"column":86}}},"3":{"name":"(anonymous_10)","decl":{"start":{"line":18,"column":12},"end":{"line":18,"column":15}},"loc":{"start":{"line":18,"column":17},"end":{"line":84,"column":3}}},"4":{"name":"(anonymous_11)","decl":{"start":{"line":21,"column":31},"end":{"line":21,"column":40}},"loc":{"start":{"line":21,"column":42},"end":{"line":39,"column":6}}},"5":{"name":"(anonymous_12)","decl":{"start":{"line":21,"column":42},"end":{"line":21,"column":null}},"loc":{"start":{"line":21,"column":42},"end":{"line":39,"column":5}}},"6":{"name":"(anonymous_13)","decl":{"start":{"line":41,"column":24},"end":{"line":41,"column":31}},"loc":{"start":{"line":41,"column":54},"end":{"line":69,"column":6}}},"7":{"name":"(anonymous_14)","decl":{"start":{"line":41,"column":54},"end":{"line":41,"column":null}},"loc":{"start":{"line":41,"column":54},"end":{"line":69,"column":5}}},"8":{"name":"(anonymous_15)","decl":{"start":{"line":71,"column":30},"end":{"line":71,"column":33}},"loc":{"start":{"line":71,"column":35},"end":{"line":73,"column":5}}},"9":{"name":"(anonymous_16)","decl":{"start":{"line":75,"column":11},"end":{"line":75,"column":14}},"loc":{"start":{"line":75,"column":16},"end":{"line":83,"column":5}}}},"branchMap":{"0":{"loc":{"start":{"line":19,"column":4},"end":{"line":19,"column":30}},"type":"if","locations":[{"start":{"line":19,"column":4},"end":{"line":19,"column":30}},{"start":{},"end":{}}]},"1":{"loc":{"start":{"line":42,"column":6},"end":{"line":45,"column":7}},"type":"if","locations":[{"start":{"line":42,"column":6},"end":{"line":45,"column":7}},{"start":{},"end":{}}]},"2":{"loc":{"start":{"line":42,"column":10},"end":{"line":42,"column":47}},"type":"binary-expr","locations":[{"start":{"line":42,"column":10},"end":{"line":42,"column":30}},{"start":{"line":42,"column":34},"end":{"line":42,"column":47}}]},"3":{"loc":{"start":{"line":48,"column":6},"end":{"line":51,"column":7}},"type":"if","locations":[{"start":{"line":48,"column":6},"end":{"line":51,"column":7}},{"start":{},"end":{}}]},"4":{"loc":{"start":{"line":58,"column":8},"end":{"line":63,"column":9}},"type":"if","locations":[{"start":{"line":58,"column":8},"end":{"line":63,"column":9}},{"start":{"line":61,"column":15},"end":{"line":63,"column":9}}]},"5":{"loc":{"start":{"line":60,"column":32},"end":{"line":60,"column":48}},"type":"binary-expr","locations":[{"start":{"line":60,"column":32},"end":{"line":60,"column":40}},{"start":{"line":60,"column":44},"end":{"line":60,"column":48}}]},"6":{"loc":{"start":{"line":60,"column":50},"end":{"line":60,"column":72}},"type":"binary-expr","locations":[{"start":{"line":60,"column":50},"end":{"line":60,"column":64}},{"start":{"line":60,"column":68},"end":{"line":60,"column":72}}]},"7":{"loc":{"start":{"line":76,"column":6},"end":{"line":78,"column":7}},"type":"if","locations":[{"start":{"line":76,"column":6},"end":{"line":78,"column":7}},{"start":{},"end":{}}]},"8":{"loc":{"start":{"line":79,"column":6},"end":{"line":82,"column":7}},"type":"if","locations":[{"start":{"line":79,"column":6},"end":{"line":82,"column":7}},{"start":{},"end":{}}]}},"s":{"0":0,"1":0,"2":0,"3":0,"4":0,"5":0,"6":0,"7":0,"8":0,"9":0,"10":0,"11":0,"12":0,"13":0,"14":0,"15":0,"16":0,"17":0,"18":0,"19":0,"20":0,"21":0,"22":0,"23":0,"24":0,"25":0,"26":0,"27":0,"28":0,"29":0,"30":0,"31":0,"32":0,"33":0,"34":0,"35":0,"36":0,"37":0,"38":0,"39":0,"40":0,"41":0,"42":0,"43":0,"44":0,"45":0,"46":0,"47":0,"48":0,"49":0,"50":0,"51":0,"52":0,"53":0,"54":0},"f":{"0":0,"1":0,"2":0,"3":0,"4":0,"5":0,"6":0,"7":0,"8":0,"9":0},"b":{"0":[0,0],"1":[0,0],"2":[0,0],"3":[0,0],"4":[0,0],"5":[0,0],"6":[0,0],"7":[0,0],"8":[0,0]}}
,"/workspace/src/hooks/useHydrationReminder.ts": {"path":"/workspace/src/hooks/useHydrationReminder.ts","statementMap":{"0":{"start":{"line":1,"column":0},"end":{"line":1,"column":42}},"1":{"start":{"line":2,"column":0},"end":{"line":2,"column":60}},"2":{"start":{"line":3,"column":0},"end":{"line":3,"column":58}},"3":{"start":{"line":5,"column":36},"end":{"line":62,"column":1}},"4":{"start":{"line":12,"column":6},"end":{"line":12,"column":25}},"5":{"start":{"line":14,"column":34},"end":{"line":14,"column":51}},"6":{"start":{"line":15,"column":38},"end":{"line":15,"column":60}},"7":{"start":{"line":17,"column":2},"end":{"line":61,"column":106}},"8":{"start":{"line":18,"column":27},"end":{"line":52,"column":5}},"9":{"start":{"line":19,"column":22},"end":{"line":19,"column":33}},"10":{"start":{"line":20,"column":18},"end":{"line":20,"column":28}},"11":{"start":{"line":27,"column":6},"end":{"line":46,"column":7}},"12":{"start":{"line":33,"column":35},"end":{"line":37,"column":13}},"13":{"start":{"line":39,"column":8},"end":{"line":42,"column":11}},"14":{"start":{"line":44,"column":8},"end":{"line":44,"column":46}},"15":{"start":{"line":45,"column":8},"end":{"line":45,"column":51}},"16":{"start":{"line":49,"column":6},"end":{"line":51,"column":7}},"17":{"start":{"line":50,"column":8},"end":{"line":50,"column":52}},"18":{"start":{"line":55,"column":4},"end":{"line":55,"column":21}},"19":{"start":{"line":58,"column":21},"end":{"line":58,"column":55}},"20":{"start":{"line":60,"column":4},"end":{"line":60,"column":41}},"21":{"start":{"line":60,"column":17},"end":{"line":60,"column":40}},"22":{"start":{"line":5,"column":13},"end":{"line":5,"column":36}}},"fnMap":{"0":{"name":"(anonymous_0)","decl":{"start":{"line":5,"column":36},"end":{"line":5,"column":39}},"loc":{"start":{"line":5,"column":41},"end":{"line":62,"column":1}}},"1":{"name":"(anonymous_1)","decl":{"start":{"line":17,"column":12},"end":{"line":17,"column":15}},"loc":{"start":{"line":17,"column":17},"end":{"line":61,"column":3}}},"2":{"name":"(anonymous_2)","decl":{"start":{"line":18,"column":27},"end":{"line":18,"column":30}},"loc":{"start":{"line":18,"column":32},"end":{"line":52,"column":5}}},"3":{"name":"(anonymous_3)","decl":{"start":{"line":60,"column":11},"end":{"line":60,"column":14}},"loc":{"start":{"line":60,"column":17},"end":{"line":60,"column":40}}}},"branchMap":{"0":{"loc":{"start":{"line":27,"column":6},"end":{"line":46,"column":7}},"type":"if","locations":[{"start":{"line":27,"column":6},"end":{"line":46,"column":7}},{"start":{},"end":{}}]},"1":{"loc":{"start":{"line":28,"column":8},"end":{"line":31,"column":44}},"type":"binary-expr","locations":[{"start":{"line":28,"column":8},"end":{"line":28,"column":15}},{"start":{"line":29,"column":8},"end":{"line":29,"column":44}},{"start":{"line":30,"column":9},"end":{"line":30,"column":62}},{"start":{"line":31,"column":8},"end":{"line":31,"column":44}}]},"2":{"loc":{"start":{"line":33,"column":35},"end":{"line":37,"column":13}},"type":"cond-expr","locations":[{"start":{"line":34,"column":12},"end":{"line":34,"column":77}},{"start":{"line":35,"column":12},"end":{"line":37,"column":13}}]},"3":{"loc":{"start":{"line":35,"column":12},"end":{"line":37,"column":13}},"type":"cond-expr","locations":[{"start":{"line":36,"column":12},"end":{"line":36,"column":77}},{"start":{"line":37,"column":12},"end":{"line":37,"column":13}}]},"4":{"loc":{"start":{"line":49,"column":6},"end":{"line":51,"column":7}},"type":"if","locations":[{"start":{"line":49,"column":6},"end":{"line":51,"column":7}},{"start":{},"end":{}}]}},"s":{"0":0,"1":0,"2":0,"3":0,"4":0,"5":0,"6":0,"7":0,"8":0,"9":0,"10":0,"11":0,"12":0,"13":0,"14":0,"15":0,"16":0,"17":0,"18":0,"19":0,"20":0,"21":0,"22":0},"f":{"0":0,"1":0,"2":0,"3":0},"b":{"0":[0,0],"1":[0,0,0,0],"2":[0,0],"3":[0,0],"4":[0,0]}}
,"/workspace/src/lib/utils.ts": {"path":"/workspace/src/lib/utils.ts","statementMap":{"0":{"start":{"line":4,"column":0},"end":{"line":4,"column":16}},"1":{"start":{"line":1,"column":0},"end":{"line":1,"column":44}},"2":{"start":{"line":2,"column":0},"end":{"line":2,"column":40}},"3":{"start":{"line":5,"column":2},"end":{"line":5,"column":null}}},"fnMap":{"0":{"name":"cn","decl":{"start":{"line":4,"column":16},"end":{"line":4,"column":18}},"loc":{"start":{"line":4,"column":42},"end":{"line":6,"column":1}}}},"branchMap":{},"s":{"0":0,"1":0,"2":0,"3":0},"f":{"0":0},"b":{}}
,"/workspace/src/store/hydrationStore.ts": {"path":"/workspace/src/store/hydrationStore.ts","statementMap":{"0":{"start":{"line":1,"column":0},"end":{"line":1,"column":33}},"1":{"start":{"line":2,"column":0},"end":{"line":2,"column":45}},"2":{"start":{"line":48,"column":16},"end":{"line":57,"column":1}},"3":{"start":{"line":49,"column":2},"end":{"line":49,"column":26}},"4":{"start":{"line":49,"column":13},"end":{"line":49,"column":26}},"5":{"start":{"line":50,"column":20},"end":{"line":50,"column":68}},"6":{"start":{"line":51,"column":16},"end":{"line":51,"column":26}},"7":{"start":{"line":52,"column":2},"end":{"line":56,"column":4}},"8":{"start":{"line":60,"column":13},"end":{"line":235,"column":2}},"9":{"start":{"line":62,"column":19},"end":{"line":195,"column":6}},"10":{"start":{"line":82,"column":16},"end":{"line":82,"column":26}},"11":{"start":{"line":83,"column":4},"end":{"line":83,"column":66}},"12":{"start":{"line":84,"column":4},"end":{"line":89,"column":8}},"13":{"start":{"line":84,"column":20},"end":{"line":89,"column":6}},"14":{"start":{"line":92,"column":37},"end":{"line":92,"column":79}},"15":{"start":{"line":94,"column":29},"end":{"line":97,"column":5}},"16":{"start":{"line":94,"column":45},"end":{"line":97,"column":4}},"17":{"start":{"line":99,"column":35},"end":{"line":99,"column":68}},"18":{"start":{"line":101,"column":37},"end":{"line":101,"column":72}},"19":{"start":{"line":103,"column":45},"end":{"line":103,"column":88}},"20":{"start":{"line":105,"column":63},"end":{"line":109,"column":4}},"21":{"start":{"line":111,"column":69},"end":{"line":115,"column":4}},"22":{"start":{"line":117,"column":31},"end":{"line":117,"column":60}},"23":{"start":{"line":120,"column":18},"end":{"line":120,"column":23}},"24":{"start":{"line":122,"column":4},"end":{"line":126,"column":5}},"25":{"start":{"line":123,"column":25},"end":{"line":123,"column":53}},"26":{"start":{"line":124,"column":6},"end":{"line":124,"column":79}},"27":{"start":{"line":125,"column":6},"end":{"line":125,"column":42}},"28":{"start":{"line":127,"column":4},"end":{"line":127,"column":61}},"29":{"start":{"line":131,"column":4},"end":{"line":131,"column":37}},"30":{"start":{"line":132,"column":4},"end":{"line":132,"column":56}},"31":{"start":{"line":136,"column":18},"end":{"line":136,"column":23}},"32":{"start":{"line":138,"column":4},"end":{"line":143,"column":5}},"33":{"start":{"line":139,"column":23},"end":{"line":141,"column":33}},"34":{"start":{"line":142,"column":6},"end":{"line":142,"column":66}},"35":{"start":{"line":145,"column":4},"end":{"line":150,"column":5}},"36":{"start":{"line":146,"column":24},"end":{"line":148,"column":33}},"37":{"start":{"line":149,"column":6},"end":{"line":149,"column":67}},"38":{"start":{"line":152,"column":4},"end":{"line":152,"column":16}},"39":{"start":{"line":156,"column":18},"end":{"line":156,"column":23}},"40":{"start":{"line":157,"column":29},"end":{"line":157,"column":62}},"41":{"start":{"line":158,"column":4},"end":{"line":158,"column":48}},"42":{"start":{"line":158,"column":35},"end":{"line":158,"column":48}},"43":{"start":{"line":159,"column":29},"end":{"line":159,"column":62}},"44":{"start":{"line":160,"column":4},"end":{"line":160,"column":62}},"45":{"start":{"line":164,"column":18},"end":{"line":164,"column":23}},"46":{"start":{"line":165,"column":18},"end":{"line":165,"column":28}},"47":{"start":{"line":166,"column":4},"end":{"line":166,"column":31}},"48":{"start":{"line":167,"column":4},"end":{"line":172,"column":14}},"49":{"start":{"line":168,"column":24},"end":{"line":170,"column":25}},"50":{"start":{"line":171,"column":6},"end":{"line":171,"column":32}},"51":{"start":{"line":176,"column":18},"end":{"line":176,"column":23}},"52":{"start":{"line":177,"column":4},"end":{"line":177,"column":126}},"53":{"start":{"line":180,"column":15},"end":{"line":194,"column":5}},"54":{"start":{"line":180,"column":30},"end":{"line":192,"column":null}},"55":{"start":{"line":198,"column":30},"end":{"line":203,"column":8}},"56":{"start":{"line":204,"column":32},"end":{"line":232,"column":7}},"57":{"start":{"line":205,"column":8},"end":{"line":231,"column":9}},"58":{"start":{"line":207,"column":10},"end":{"line":209,"column":11}},"59":{"start":{"line":208,"column":12},"end":{"line":208,"column":74}},"60":{"start":{"line":212,"column":10},"end":{"line":222,"column":11}},"61":{"start":{"line":213,"column":12},"end":{"line":213,"column":87}},"62":{"start":{"line":214,"column":12},"end":{"line":214,"column":39}},"63":{"start":{"line":215,"column":12},"end":{"line":215,"column":44}},"64":{"start":{"line":216,"column":17},"end":{"line":222,"column":11}},"65":{"start":{"line":218,"column":12},"end":{"line":221,"column":16}},"66":{"start":{"line":218,"column":89},"end":{"line":220,"column":null}},"67":{"start":{"line":225,"column":10},"end":{"line":225,"column":47}},"68":{"start":{"line":228,"column":10},"end":{"line":230,"column":11}},"69":{"start":{"line":229,"column":12},"end":{"line":229,"column":43}}},"fnMap":{"0":{"name":"(anonymous_0)","decl":{"start":{"line":48,"column":16},"end":{"line":48,"column":17}},"loc":{"start":{"line":48,"column":56},"end":{"line":57,"column":1}}},"1":{"name":"(anonymous_1)","decl":{"start":{"line":62,"column":4},"end":{"line":62,"column":5}},"loc":{"start":{"line":62,"column":19},"end":{"line":195,"column":6}}},"2":{"name":"(anonymous_2)","decl":{"start":{"line":81,"column":21},"end":{"line":81,"column":22}},"loc":{"start":{"line":81,"column":32},"end":{"line":90,"column":3}}},"3":{"name":"(anonymous_3)","decl":{"start":{"line":84,"column":8},"end":{"line":84,"column":9}},"loc":{"start":{"line":84,"column":20},"end":{"line":89,"column":6}}},"4":{"name":"(anonymous_4)","decl":{"start":{"line":92,"column":24},"end":{"line":92,"column":25}},"loc":{"start":{"line":92,"column":37},"end":{"line":92,"column":79}}},"5":{"name":"(anonymous_5)","decl":{"start":{"line":94,"column":18},"end":{"line":94,"column":19}},"loc":{"start":{"line":94,"column":29},"end":{"line":97,"column":5}}},"6":{"name":"(anonymous_6)","decl":{"start":{"line":94,"column":33},"end":{"line":94,"column":34}},"loc":{"start":{"line":94,"column":45},"end":{"line":97,"column":4}}},"7":{"name":"(anonymous_7)","decl":{"start":{"line":99,"column":24},"end":{"line":99,"column":25}},"loc":{"start":{"line":99,"column":35},"end":{"line":99,"column":68}}},"8":{"name":"(anonymous_8)","decl":{"start":{"line":101,"column":26},"end":{"line":101,"column":27}},"loc":{"start":{"line":101,"column":37},"end":{"line":101,"column":72}}},"9":{"name":"(anonymous_9)","decl":{"start":{"line":103,"column":29},"end":{"line":103,"column":30}},"loc":{"start":{"line":103,"column":45},"end":{"line":103,"column":88}}},"10":{"name":"(anonymous_10)","decl":{"start":{"line":105,"column":19},"end":{"line":105,"column":20}},"loc":{"start":{"line":105,"column":63},"end":{"line":109,"column":4}}},"11":{"name":"(anonymous_11)","decl":{"start":{"line":111,"column":21},"end":{"line":111,"column":22}},"loc":{"start":{"line":111,"column":69},"end":{"line":115,"column":4}}},"12":{"name":"(anonymous_12)","decl":{"start":{"line":117,"column":17},"end":{"line":117,"column":18}},"loc":{"start":{"line":117,"column":31},"end":{"line":117,"column":60}}},"13":{"name":"(anonymous_13)","decl":{"start":{"line":119,"column":17},"end":{"line":119,"column":20}},"loc":{"start":{"line":119,"column":22},"end":{"line":128,"column":3}}},"14":{"name":"(anonymous_14)","decl":{"start":{"line":130,"column":16},"end":{"line":130,"column":19}},"loc":{"start":{"line":130,"column":21},"end":{"line":133,"column":3}}},"15":{"name":"(anonymous_15)","decl":{"start":{"line":135,"column":29},"end":{"line":135,"column":32}},"loc":{"start":{"line":135,"column":34},"end":{"line":153,"column":3}}},"16":{"name":"(anonymous_16)","decl":{"start":{"line":155,"column":13},"end":{"line":155,"column":16}},"loc":{"start":{"line":155,"column":18},"end":{"line":161,"column":3}}},"17":{"name":"(anonymous_17)","decl":{"start":{"line":163,"column":26},"end":{"line":163,"column":29}},"loc":{"start":{"line":163,"column":31},"end":{"line":173,"column":3}}},"18":{"name":"(anonymous_18)","decl":{"start":{"line":167,"column":40},"end":{"line":167,"column":45}},"loc":{"start":{"line":167,"column":48},"end":{"line":172,"column":5}}},"19":{"name":"(anonymous_19)","decl":{"start":{"line":175,"column":22},"end":{"line":175,"column":25}},"loc":{"start":{"line":175,"column":27},"end":{"line":178,"column":3}}},"20":{"name":"(anonymous_20)","decl":{"start":{"line":180,"column":9},"end":{"line":180,"column":12}},"loc":{"start":{"line":180,"column":15},"end":{"line":194,"column":5}}},"21":{"name":"(anonymous_21)","decl":{"start":{"line":180,"column":19},"end":{"line":180,"column":20}},"loc":{"start":{"line":180,"column":30},"end":{"line":192,"column":null}}},"22":{"name":"(anonymous_22)","decl":{"start":{"line":198,"column":18},"end":{"line":198,"column":19}},"loc":{"start":{"line":198,"column":30},"end":{"line":203,"column":8}}},"23":{"name":"(anonymous_23)","decl":{"start":{"line":204,"column":26},"end":{"line":204,"column":29}},"loc":{"start":{"line":204,"column":32},"end":{"line":232,"column":7}}},"24":{"name":"(anonymous_24)","decl":{"start":{"line":204,"column":32},"end":{"line":204,"column":33}},"loc":{"start":{"line":204,"column":42},"end":{"line":232,"column":7}}},"25":{"name":"(anonymous_25)","decl":{"start":{"line":218,"column":62},"end":{"line":218,"column":63}},"loc":{"start":{"line":218,"column":89},"end":{"line":220,"column":null}}}},"branchMap":{"0":{"loc":{"start":{"line":49,"column":2},"end":{"line":49,"column":26}},"type":"if","locations":[{"start":{"line":49,"column":2},"end":{"line":49,"column":26}},{"start":{},"end":{}}]},"1":{"loc":{"start":{"line":50,"column":20},"end":{"line":50,"column":68}},"type":"cond-expr","locations":[{"start":{"line":50,"column":47},"end":{"line":50,"column":61}},{"start":{"line":50,"column":64},"end":{"line":50,"column":68}}]},"2":{"loc":{"start":{"line":53,"column":4},"end":{"line":55,"column":51}},"type":"binary-expr","locations":[{"start":{"line":53,"column":4},"end":{"line":53,"column":43}},{"start":{"line":54,"column":4},"end":{"line":54,"column":45}},{"start":{"line":55,"column":4},"end":{"line":55,"column":51}}]},"3":{"loc":{"start":{"line":88,"column":26},"end":{"line":88,"column":57}},"type":"binary-expr","locations":[{"start":{"line":88,"column":26},"end":{"line":88,"column":50}},{"start":{"line":88,"column":54},"end":{"line":88,"column":57}}]},"4":{"loc":{"start":{"line":96,"column":23},"end":{"line":96,"column":95}},"type":"cond-expr","locations":[{"start":{"line":96,"column":59},"end":{"line":96,"column":69}},{"start":{"line":96,"column":72},"end":{"line":96,"column":95}}]},"5":{"loc":{"start":{"line":96,"column":23},"end":{"line":96,"column":56}},"type":"binary-expr","locations":[{"start":{"line":96,"column":23},"end":{"line":96,"column":28}},{"start":{"line":96,"column":32},"end":{"line":96,"column":56}}]},"6":{"loc":{"start":{"line":105,"column":30},"end":{"line":105,"column":40}},"type":"default-arg","locations":[{"start":{"line":105,"column":36},"end":{"line":105,"column":40}}]},"7":{"loc":{"start":{"line":105,"column":42},"end":{"line":105,"column":58}},"type":"default-arg","locations":[{"start":{"line":105,"column":54},"end":{"line":105,"column":58}}]},"8":{"loc":{"start":{"line":111,"column":32},"end":{"line":111,"column":45}},"type":"default-arg","locations":[{"start":{"line":111,"column":41},"end":{"line":111,"column":45}}]},"9":{"loc":{"start":{"line":111,"column":47},"end":{"line":111,"column":64}},"type":"default-arg","locations":[{"start":{"line":111,"column":60},"end":{"line":111,"column":64}}]},"10":{"loc":{"start":{"line":122,"column":4},"end":{"line":126,"column":5}},"type":"if","locations":[{"start":{"line":122,"column":4},"end":{"line":126,"column":5}},{"start":{},"end":{}}]},"11":{"loc":{"start":{"line":123,"column":25},"end":{"line":123,"column":53}},"type":"binary-expr","locations":[{"start":{"line":123,"column":25},"end":{"line":123,"column":44}},{"start":{"line":123,"column":48},"end":{"line":123,"column":53}}]},"12":{"loc":{"start":{"line":138,"column":4},"end":{"line":143,"column":5}},"type":"if","locations":[{"start":{"line":138,"column":4},"end":{"line":143,"column":5}},{"start":{},"end":{}}]},"13":{"loc":{"start":{"line":139,"column":23},"end":{"line":141,"column":33}},"type":"cond-expr","locations":[{"start":{"line":140,"column":10},"end":{"line":140,"column":43}},{"start":{"line":141,"column":10},"end":{"line":141,"column":33}}]},"14":{"loc":{"start":{"line":145,"column":4},"end":{"line":150,"column":5}},"type":"if","locations":[{"start":{"line":145,"column":4},"end":{"line":150,"column":5}},{"start":{},"end":{}}]},"15":{"loc":{"start":{"line":146,"column":24},"end":{"line":148,"column":33}},"type":"cond-expr","locations":[{"start":{"line":147,"column":10},"end":{"line":147,"column":43}},{"start":{"line":148,"column":10},"end":{"line":148,"column":33}}]},"16":{"loc":{"start":{"line":158,"column":4},"end":{"line":158,"column":48}},"type":"if","locations":[{"start":{"line":158,"column":4},"end":{"line":158,"column":48}},{"start":{},"end":{}}]},"17":{"loc":{"start":{"line":168,"column":24},"end":{"line":170,"column":25}},"type":"cond-expr","locations":[{"start":{"line":169,"column":10},"end":{"line":169,"column":35}},{"start":{"line":170,"column":10},"end":{"line":170,"column":25}}]},"18":{"loc":{"start":{"line":177,"column":11},"end":{"line":177,"column":125}},"type":"binary-expr","locations":[{"start":{"line":177,"column":11},"end":{"line":177,"column":28}},{"start":{"line":177,"column":32},"end":{"line":177,"column":55}},{"start":{"line":177,"column":59},"end":{"line":177,"column":84}},{"start":{"line":177,"column":88},"end":{"line":177,"column":125}}]},"19":{"loc":{"start":{"line":205,"column":8},"end":{"line":231,"column":9}},"type":"if","locations":[{"start":{"line":205,"column":8},"end":{"line":231,"column":9}},{"start":{},"end":{}}]},"20":{"loc":{"start":{"line":207,"column":10},"end":{"line":209,"column":11}},"type":"if","locations":[{"start":{"line":207,"column":10},"end":{"line":209,"column":11}},{"start":{},"end":{}}]},"21":{"loc":{"start":{"line":207,"column":14},"end":{"line":207,"column":86}},"type":"binary-expr","locations":[{"start":{"line":207,"column":14},"end":{"line":207,"column":38}},{"start":{"line":207,"column":42},"end":{"line":207,"column":86}}]},"22":{"loc":{"start":{"line":212,"column":10},"end":{"line":222,"column":11}},"type":"if","locations":[{"start":{"line":212,"column":10},"end":{"line":222,"column":11}},{"start":{"line":216,"column":17},"end":{"line":222,"column":11}}]},"23":{"loc":{"start":{"line":212,"column":14},"end":{"line":212,"column":76}},"type":"binary-expr","locations":[{"start":{"line":212,"column":14},"end":{"line":212,"column":38}},{"start":{"line":212,"column":42},"end":{"line":212,"column":76}}]},"24":{"loc":{"start":{"line":216,"column":17},"end":{"line":222,"column":11}},"type":"if","locations":[{"start":{"line":216,"column":17},"end":{"line":222,"column":11}},{"start":{},"end":{}}]},"25":{"loc":{"start":{"line":220,"column":25},"end":{"line":220,"column":106}},"type":"cond-expr","locations":[{"start":{"line":220,"column":63},"end":{"line":220,"column":88}},{"start":{"line":220,"column":91},"end":{"line":220,"column":106}}]},"26":{"loc":{"start":{"line":228,"column":10},"end":{"line":230,"column":11}},"type":"if","locations":[{"start":{"line":228,"column":10},"end":{"line":230,"column":11}},{"start":{},"end":{}}]},"27":{"loc":{"start":{"line":228,"column":14},"end":{"line":228,"column":74}},"type":"binary-expr","locations":[{"start":{"line":228,"column":14},"end":{"line":228,"column":36}},{"start":{"line":228,"column":40},"end":{"line":228,"column":74}}]}},"s":{"0":0,"1":0,"2":0,"3":0,"4":0,"5":0,"6":0,"7":0,"8":0,"9":0,"10":0,"11":0,"12":0,"13":0,"14":0,"15":0,"16":0,"17":0,"18":0,"19":0,"20":0,"21":0,"22":0,"23":0,"24":0,"25":0,"26":0,"27":0,"28":0,"29":0,"30":0,"31":0,"32":0,"33":0,"34":0,"35":0,"36":0,"37":0,"38":0,"39":0,"40":0,"41":0,"42":0,"43":0,"44":0,"45":0,"46":0,"47":0,"48":0,"49":0,"50":0,"51":0,"52":0,"53":0,"54":0,"55":0,"56":0,"57":0,"58":0,"59":0,"60":0,"61":0,"62":0,"63":0,"64":0,"65":0,"66":0,"67":0,"68":0,"69":0},"f":{"0":0,"1":0,"2":0,"3":0,"4":0,"5":0,"6":0,"7":0,"8":0,"9":0,"10":0,"11":0,"12":0,"13":0,"14":0,"15":0,"16":0,"17":0,"18":0,"19":0,"20":0,"21":0,"22":0,"23":0,"24":0,"25":0},"b":{"0":[0,0],"1":[0,0],"2":[0,0,0],"3":[0,0],"4":[0,0],"5":[0,0],"6":[0],"7":[0],"8":[0],"9":[0],"10":[0,0],"11":[0,0],"12":[0,0],"13":[0,0],"14":[0,0],"15":[0,0],"16":[0,0],"17":[0,0],"18":[0,0,0,0],"19":[0,0],"20":[0,0],"21":[0,0],"22":[0,0],"23":[0,0],"24":[0,0],"25":[0,0],"26":[0,0],"27":[0,0]}}
,"/workspace/src/utils/notifications.ts": {"path":"/workspace/src/utils/notifications.ts","statementMap":{"0":{"start":{"line":7,"column":45},"end":{"line":23,"column":2}},"1":{"start":{"line":7,"column":89},"end":{"line":23,"column":2}},"2":{"start":{"line":8,"column":2},"end":{"line":11,"column":3}},"3":{"start":{"line":9,"column":4},"end":{"line":9,"column":72}},"4":{"start":{"line":10,"column":4},"end":{"line":10,"column":20}},"5":{"start":{"line":13,"column":2},"end":{"line":15,"column":3}},"6":{"start":{"line":14,"column":4},"end":{"line":14,"column":21}},"7":{"start":{"line":17,"column":2},"end":{"line":20,"column":3}},"8":{"start":{"line":18,"column":23},"end":{"line":18,"column":61}},"9":{"start":{"line":19,"column":4},"end":{"line":19,"column":22}},"10":{"start":{"line":22,"column":2},"end":{"line":22,"column":33}},"11":{"start":{"line":7,"column":13},"end":{"line":7,"column":45}},"12":{"start":{"line":25,"column":32},"end":{"line":50,"column":1}},"13":{"start":{"line":26,"column":2},"end":{"line":29,"column":3}},"14":{"start":{"line":27,"column":4},"end":{"line":27,"column":72}},"15":{"start":{"line":28,"column":4},"end":{"line":28,"column":11}},"16":{"start":{"line":31,"column":2},"end":{"line":34,"column":3}},"17":{"start":{"line":32,"column":4},"end":{"line":32,"column":55}},"18":{"start":{"line":33,"column":4},"end":{"line":33,"column":11}},"19":{"start":{"line":36,"column":23},"end":{"line":42,"column":4}},"20":{"start":{"line":44,"column":2},"end":{"line":47,"column":4}},"21":{"start":{"line":45,"column":4},"end":{"line":45,"column":19}},"22":{"start":{"line":46,"column":4},"end":{"line":46,"column":25}},"23":{"start":{"line":49,"column":2},"end":{"line":49,"column":48}},"24":{"start":{"line":49,"column":19},"end":{"line":49,"column":39}},"25":{"start":{"line":25,"column":13},"end":{"line":25,"column":32}},"26":{"start":{"line":52,"column":40},"end":{"line":54,"column":1}},"27":{"start":{"line":53,"column":2},"end":{"line":53,"column":34}},"28":{"start":{"line":52,"column":13},"end":{"line":52,"column":40}},"29":{"start":{"line":56,"column":47},"end":{"line":61,"column":1}},"30":{"start":{"line":57,"column":2},"end":{"line":59,"column":3}},"31":{"start":{"line":58,"column":4},"end":{"line":58,"column":16}},"32":{"start":{"line":60,"column":2},"end":{"line":60,"column":33}},"33":{"start":{"line":56,"column":13},"end":{"line":56,"column":47}}},"fnMap":{"0":{"name":"(anonymous_7)","decl":{"start":{"line":7,"column":45},"end":{"line":7,"column":87}},"loc":{"start":{"line":7,"column":89},"end":{"line":23,"column":2}}},"1":{"name":"(anonymous_8)","decl":{"start":{"line":7,"column":89},"end":{"line":7,"column":null}},"loc":{"start":{"line":7,"column":89},"end":{"line":23,"column":1}}},"2":{"name":"(anonymous_9)","decl":{"start":{"line":25,"column":32},"end":{"line":25,"column":33}},"loc":{"start":{"line":25,"column":71},"end":{"line":50,"column":1}}},"3":{"name":"(anonymous_10)","decl":{"start":{"line":44,"column":25},"end":{"line":44,"column":28}},"loc":{"start":{"line":44,"column":30},"end":{"line":47,"column":3}}},"4":{"name":"(anonymous_11)","decl":{"start":{"line":49,"column":13},"end":{"line":49,"column":16}},"loc":{"start":{"line":49,"column":19},"end":{"line":49,"column":39}}},"5":{"name":"(anonymous_12)","decl":{"start":{"line":52,"column":40},"end":{"line":52,"column":52}},"loc":{"start":{"line":52,"column":54},"end":{"line":54,"column":1}}},"6":{"name":"(anonymous_13)","decl":{"start":{"line":56,"column":47},"end":{"line":56,"column":81}},"loc":{"start":{"line":56,"column":83},"end":{"line":61,"column":1}}}},"branchMap":{"0":{"loc":{"start":{"line":8,"column":2},"end":{"line":11,"column":3}},"type":"if","locations":[{"start":{"line":8,"column":2},"end":{"line":11,"column":3}},{"start":{},"end":{}}]},"1":{"loc":{"start":{"line":13,"column":2},"end":{"line":15,"column":3}},"type":"if","locations":[{"start":{"line":13,"column":2},"end":{"line":15,"column":3}},{"start":{},"end":{}}]},"2":{"loc":{"start":{"line":17,"column":2},"end":{"line":20,"column":3}},"type":"if","locations":[{"start":{"line":17,"column":2},"end":{"line":20,"column":3}},{"start":{},"end":{}}]},"3":{"loc":{"start":{"line":26,"column":2},"end":{"line":29,"column":3}},"type":"if","locations":[{"start":{"line":26,"column":2},"end":{"line":29,"column":3}},{"start":{},"end":{}}]},"4":{"loc":{"start":{"line":31,"column":2},"end":{"line":34,"column":3}},"type":"if","locations":[{"start":{"line":31,"column":2},"end":{"line":34,"column":3}},{"start":{},"end":{}}]},"5":{"loc":{"start":{"line":38,"column":10},"end":{"line":38,"column":37}},"type":"binary-expr","locations":[{"start":{"line":38,"column":10},"end":{"line":38,"column":22}},{"start":{"line":38,"column":26},"end":{"line":38,"column":37}}]},"6":{"loc":{"start":{"line":57,"column":2},"end":{"line":59,"column":3}},"type":"if","locations":[{"start":{"line":57,"column":2},"end":{"line":59,"column":3}},{"start":{},"end":{}}]}},"s":{"0":0,"1":0,"2":0,"3":0,"4":0,"5":0,"6":0,"7":0,"8":0,"9":0,"10":0,"11":0,"12":0,"13":0,"14":0,"15":0,"16":0,"17":0,"18":0,"19":0,"20":0,"21":0,"22":0,"23":0,"24":0,"25":0,"26":0,"27":0,"28":0,"29":0,"30":0,"31":0,"32":0,"33":0},"f":{"0":0,"1":0,"2":0,"3":0,"4":0,"5":0,"6":0},"b":{"0":[0,0],"1":[0,0],"2":[0,0],"3":[0,0],"4":[0,0],"5":[0,0],"6":[0,0]}}
,"/workspace/src/utils/overlapDetection.ts": {"path":"/workspace/src/utils/overlapDetection.ts","statementMap":{"0":{"start":{"line":41,"column":0},"end":{"line":41,"column":16}},"1":{"start":{"line":97,"column":0},"end":{"line":97,"column":16}},"2":{"start":{"line":125,"column":0},"end":{"line":125,"column":16}},"3":{"start":{"line":150,"column":0},"end":{"line":150,"column":16}},"4":{"start":{"line":7,"column":22},"end":{"line":17,"column":2}},"5":{"start":{"line":42,"column":2},"end":{"line":44,"column":3}},"6":{"start":{"line":43,"column":4},"end":{"line":43,"column":16}},"7":{"start":{"line":47,"column":20},"end":{"line":54,"column":40}},"8":{"start":{"line":54,"column":20},"end":{"line":54,"column":39}},"9":{"start":{"line":56,"column":2},"end":{"line":58,"column":3}},"10":{"start":{"line":57,"column":4},"end":{"line":57,"column":16}},"11":{"start":{"line":61,"column":13},"end":{"line":61,"column":36}},"12":{"start":{"line":61,"column":32},"end":{"line":61,"column":35}},"13":{"start":{"line":62,"column":13},"end":{"line":62,"column":36}},"14":{"start":{"line":62,"column":32},"end":{"line":62,"column":35}},"15":{"start":{"line":64,"column":15},"end":{"line":64,"column":30}},"16":{"start":{"line":65,"column":15},"end":{"line":65,"column":30}},"17":{"start":{"line":66,"column":15},"end":{"line":66,"column":30}},"18":{"start":{"line":67,"column":15},"end":{"line":67,"column":30}},"19":{"start":{"line":70,"column":18},"end":{"line":70,"column":21}},"20":{"start":{"line":71,"column":16},"end":{"line":71,"column":49}},"21":{"start":{"line":72,"column":17},"end":{"line":72,"column":50}},"22":{"start":{"line":74,"column":2},"end":{"line":79,"column":4}},"23":{"start":{"line":86,"column":2},"end":{"line":91,"column":4}},"24":{"start":{"line":98,"column":16},"end":{"line":98,"column":44}},"25":{"start":{"line":99,"column":16},"end":{"line":99,"column":44}},"26":{"start":{"line":102,"column":19},"end":{"line":102,"column":101}},"27":{"start":{"line":103,"column":19},"end":{"line":103,"column":101}},"28":{"start":{"line":104,"column":27},"end":{"line":104,"column":46}},"29":{"start":{"line":107,"column":16},"end":{"line":107,"column":40}},"30":{"start":{"line":108,"column":16},"end":{"line":108,"column":40}},"31":{"start":{"line":109,"column":20},"end":{"line":109,"column":52}},"32":{"start":{"line":112,"column":2},"end":{"line":114,"column":3}},"33":{"start":{"line":113,"column":4},"end":{"line":113,"column":13}},"34":{"start":{"line":116,"column":2},"end":{"line":116,"column":38}},"35":{"start":{"line":130,"column":2},"end":{"line":132,"column":3}},"36":{"start":{"line":131,"column":4},"end":{"line":131,"column":17}},"37":{"start":{"line":134,"column":17},"end":{"line":134,"column":49}},"38":{"start":{"line":135,"column":2},"end":{"line":137,"column":3}},"39":{"start":{"line":136,"column":4},"end":{"line":136,"column":17}},"40":{"start":{"line":139,"column":14},"end":{"line":139,"column":45}},"41":{"start":{"line":140,"column":2},"end":{"line":140,"column":26}},"42":{"start":{"line":155,"column":2},"end":{"line":157,"column":3}},"43":{"start":{"line":156,"column":4},"end":{"line":156,"column":55}},"44":{"start":{"line":160,"column":2},"end":{"line":165,"column":3}},"45":{"start":{"line":161,"column":20},"end":{"line":161,"column":82}},"46":{"start":{"line":162,"column":4},"end":{"line":164,"column":5}},"47":{"start":{"line":163,"column":6},"end":{"line":163,"column":61}},"48":{"start":{"line":167,"column":2},"end":{"line":167,"column":53}}},"fnMap":{"0":{"name":"getLipBoundingBox","decl":{"start":{"line":41,"column":16},"end":{"line":41,"column":33}},"loc":{"start":{"line":41,"column":63},"end":{"line":80,"column":1}}},"1":{"name":"(anonymous_1)","decl":{"start":{"line":54,"column":11},"end":{"line":54,"column":16}},"loc":{"start":{"line":54,"column":20},"end":{"line":54,"column":39}}},"2":{"name":"(anonymous_2)","decl":{"start":{"line":61,"column":27},"end":{"line":61,"column":28}},"loc":{"start":{"line":61,"column":32},"end":{"line":61,"column":35}}},"3":{"name":"(anonymous_3)","decl":{"start":{"line":62,"column":27},"end":{"line":62,"column":28}},"loc":{"start":{"line":62,"column":32},"end":{"line":62,"column":35}}},"4":{"name":"boundingBoxToRectangle","decl":{"start":{"line":85,"column":9},"end":{"line":85,"column":31}},"loc":{"start":{"line":85,"column":48},"end":{"line":92,"column":1}}},"5":{"name":"calculateIoU","decl":{"start":{"line":97,"column":16},"end":{"line":97,"column":28}},"loc":{"start":{"line":97,"column":65},"end":{"line":117,"column":1}}},"6":{"name":"isLipObjectOverlap","decl":{"start":{"line":125,"column":16},"end":{"line":125,"column":34}},"loc":{"start":{"line":128,"column":25},"end":{"line":141,"column":1}}},"7":{"name":"detectDrinking","decl":{"start":{"line":150,"column":16},"end":{"line":150,"column":30}},"loc":{"start":{"line":153,"column":32},"end":{"line":168,"column":1}}}},"branchMap":{"0":{"loc":{"start":{"line":42,"column":2},"end":{"line":44,"column":3}},"type":"if","locations":[{"start":{"line":42,"column":2},"end":{"line":44,"column":3}},{"start":{},"end":{}}]},"1":{"loc":{"start":{"line":42,"column":6},"end":{"line":42,"column":50}},"type":"binary-expr","locations":[{"start":{"line":42,"column":6},"end":{"line":42,"column":20}},{"start":{"line":42,"column":24},"end":{"line":42,"column":50}}]},"2":{"loc":{"start":{"line":56,"column":2},"end":{"line":58,"column":3}},"type":"if","locations":[{"start":{"line":56,"column":2},"end":{"line":58,"column":3}},{"start":{},"end":{}}]},"3":{"loc":{"start":{"line":112,"column":2},"end":{"line":114,"column":3}},"type":"if","locations":[{"start":{"line":112,"column":2},"end":{"line":114,"column":3}},{"start":{},"end":{}}]},"4":{"loc":{"start":{"line":128,"column":2},"end":{"line":128,"column":25}},"type":"default-arg","locations":[{"start":{"line":128,"column":22},"end":{"line":128,"column":25}}]},"5":{"loc":{"start":{"line":130,"column":2},"end":{"line":132,"column":3}},"type":"if","locations":[{"start":{"line":130,"column":2},"end":{"line":132,"column":3}},{"start":{},"end":{}}]},"6":{"loc":{"start":{"line":130,"column":6},"end":{"line":130,"column":34}},"type":"binary-expr","locations":[{"start":{"line":130,"column":6},"end":{"line":130,"column":20}},{"start":{"line":130,"column":24},"end":{"line":130,"column":34}}]},"7":{"loc":{"start":{"line":135,"column":2},"end":{"line":137,"column":3}},"type":"if","locations":[{"start":{"line":135,"column":2},"end":{"line":137,"column":3}},{"start":{},"end":{}}]},"8":{"loc":{"start":{"line":153,"column":2},"end":{"line":153,"column":32}},"type":"default-arg","locations":[{"start":{"line":153,"column":29},"end":{"line":153,"column":32}}]},"9":{"loc":{"start":{"line":155,"column":2},"end":{"line":157,"column":3}},"type":"if","locations":[{"start":{"line":155,"column":2},"end":{"line":157,"column":3}},{"start":{},"end":{}}]},"10":{"loc":{"start":{"line":155,"column":6},"end":{"line":155,"column":74}},"type":"binary-expr","locations":[{"start":{"line":155,"column":6},"end":{"line":155,"column":20}},{"start":{"line":155,"column":24},"end":{"line":155,"column":41}},{"start":{"line":155,"column":45},"end":{"line":155,"column":74}}]},"11":{"loc":{"start":{"line":162,"column":4},"end":{"line":164,"column":5}},"type":"if","locations":[{"start":{"line":162,"column":4},"end":{"line":164,"column":5}},{"start":{},"end":{}}]}},"s":{"0":0,"1":0,"2":0,"3":0,"4":0,"5":0,"6":0,"7":0,"8":0,"9":0,"10":0,"11":0,"12":0,"13":0,"14":0,"15":0,"16":0,"17":0,"18":0,"19":0,"20":0,"21":0,"22":0,"23":0,"24":0,"25":0,"26":0,"27":0,"28":0,"29":0,"30":0,"31":0,"32":0,"33":0,"34":0,"35":0,"36":0,"37":0,"38":0,"39":0,"40":0,"41":0,"42":0,"43":0,"44":0,"45":0,"46":0,"47":0,"48":0},"f":{"0":0,"1":0,"2":0,"3":0,"4":0,"5":0,"6":0,"7":0},"b":{"0":[0,0],"1":[0,0],"2":[0,0],"3":[0,0],"4":[0],"5":[0,0],"6":[0,0],"7":[0,0],"8":[0],"9":[0,0],"10":[0,0,0],"11":[0,0]}}
}
